<?xml version="1.0" encoding="UTF-8"?>
<testsuite xmlns:xsi="http://www.w3.org/2001/XMLSchema-instance" xsi:noNamespaceSchemaLocation="https://maven.apache.org/surefire/maven-surefire-plugin/xsd/surefire-test-report.xsd" name="org.brainacad.currency.CurrencyConverterTest" time="0.001" tests="6" errors="0" skipped="0" failures="0">
  <properties>
[...]
</properties>
  <testcase name="throwsOnNullCurrency" classname="org.brainacad.currency.CurrencyConverterTest" time="0"/>
  <testcase name="convertsGbpToJpy" classname="org.brainacad.currency.CurrencyConverterTest" time="0"/>
  <testcase name="convertsUsdToEur" classname="org.brainacad.currency.CurrencyConverterTest" time="0"/>
  <testcase name="convertsEurToUsd" classname="org.brainacad.currency.CurrencyConverterTest" time="0"/>
  <testcase name="keepsAmountWhenCurrencyMatches" classname="org.brainacad.currency.CurrencyConverterTest" time="0"/>
  <testcase name="throwsOnNegativeAmount" classname="org.brainacad.currency.CurrencyConverterTest" time="0"/>
</testsuite>